
[2K[1G[1myarn run v1.22.22[22m
[2K[1G[2m$ npm run clean[22m

> @cat-protocol/cat-smartcontracts@0.1.0 clean
> rimraf scrypt.index.json && rimraf dist && rimraf artifacts

[1G[0K[1G[0K⠙[1G[0K[2K[1G[2m$ tsc[22m
[2K[1G[2m$ npm run compile[22m

> @cat-protocol/cat-smartcontracts@0.1.0 compile
> npx scrypt-cli compile

[1G[0K[1G[0K[41m[1m**ERROR**: No sCrypt compiler found.[22m[49m
[33m[1m[22m[39m
[33m[1m[90m•[33m Downloading sCrypt compiler: 1.19.4 ...[22m[39m
[32m[1m[22m[39m
[32m[1m[32m✔[32m[22m[39m [32m[1mSuccessfully downloaded. File Path: /Users/lixiongfei/项目/code/code/CAT/zxz/node_modules/scryptlib/compiler/scryptc/mac/scryptc[22m[39m
[?25l[36m⠋[39m Building TS...
[2K[1G[1A[2K[1G[36m⠙[39m Building TS...
[2K[1G[1A[2K[1G[36m⠹[39m Building TS...
[2K[1G[1A[2K[1G[36m⠸[39m Building TS...
[2K[1G[1A[2K[1G[36m⠼[39m Building TS...
[2K[1G[1A[2K[1G[36m⠴[39m Building TS...
[2K[1G[1A[2K[1G[36m⠦[39m Building TS...
[2K[1G[1A[2K[1G[36m⠧[39m Building TS...
[2K[1G[1A[2K[1G[36m⠇[39m Building TS...
[2K[1G[1A[2K[1G[36m⠏[39m Building TS...
[2K[1G[1A[2K[1G[36m⠋[39m Building TS...
[2K[1G[1A[2K[1G[36m⠙[39m Building TS...
[2K[1G[1A[2K[1G[36m⠹[39m Building TS...
[2K[1G[1A[2K[1G[36m⠸[39m Building TS...
[2K[1G[1A[2K[1G[36m⠼[39m Building TS...
[2K[1G[1A[2K[1G[36m⠴[39m Building TS...
[2K[1G[1A[2K[1G[36m⠦[39m Building TS...
[2K[1G[1A[2K[1G[36m⠧[39m Building TS...
[2K[1G[1A[2K[1G[36m⠇[39m Building TS...
[2K[1G[1A[2K[1G[36m⠏[39m Building TS...
[2K[1G[1A[2K[1G[36m⠋[39m Building TS...
[2K[1G[1A[2K[1G[36m⠙[39m Building TS...
[2K[1G[1A[2K[1G[36m⠹[39m Building TS...
[2K[1G[1A[2K[1G[36m⠸[39m Building TS...
[2K[1G[1A[2K[1G[36m⠼[39m Building TS...
[2K[1G[1A[2K[1G[36m⠴[39m Building TS...
[2K[1G[1A[2K[1G[36m⠦[39m Building TS...
[2K[1G[1A[2K[1G[36m⠧[39m Building TS...
[2K[1G[1A[2K[1G[36m⠇[39m Building TS...
[2K[1G[1A[2K[1G[36m⠏[39m Building TS...
[2K[1G[1A[2K[1G[36m⠋[39m Building TS...
[2K[1G[1A[2K[1G[36m⠙[39m Building TS...
[2K[1G[1A[2K[1G[36m⠹[39m Building TS...
[2K[1G[1A[2K[1G[36m⠸[39m Building TS...
[2K[1G[1A[2K[1G[36m⠼[39m Building TS...
[2K[1G[1A[2K[1G[36m⠴[39m Building TS...
[2K[1G[1A[2K[1G[36m⠦[39m Building TS...
[2K[1G[1A[2K[1G[36m⠧[39m Building TS...
[2K[1G[1A[2K[1G[36m⠇[39m Building TS...
[2K[1G[1A[2K[1G[36m⠏[39m Building TS...
[2K[1G[1A[2K[1G[36m⠋[39m Building TS...
[2K[1G[1A[2K[1G[36m⠙[39m Building TS...
[2K[1G[1A[2K[1G[36m⠹[39m Building TS...
[2K[1G[1A[2K[1G[36m⠸[39m Building TS...
[2K[1G[1A[2K[1G[36m⠼[39m Building TS...
[2K[1G[1A[2K[1G[36m⠴[39m Building TS...
[2K[1G[1A[2K[1G[36m⠦[39m Building TS...
[2K[1G[1A[2K[1G[36m⠧[39m Building TS...
[2K[1G[1A[2K[1G[36m⠇[39m Building TS...
[2K[1G[1A[2K[1G[36m⠏[39m Building TS...
[2K[1G[1A[2K[1G[36m⠋[39m Building TS...
[2K[1G[1A[2K[1G[36m⠙[39m Building TS...
[2K[1G[1A[2K[1G[36m⠹[39m Building TS...
[2K[1G[1A[2K[1G[36m⠸[39m Building TS...
[2K[1G[1A[2K[1G[36m⠼[39m Building TS...
[2K[1G[1A[2K[1G[36m⠴[39m Building TS...
[2K[1G[1A[2K[1G[36m⠦[39m Building TS...
[2K[1G[1A[2K[1G[36m⠧[39m Building TS...
[2K[1G[1A[2K[1G[36m⠇[39m Building TS...
[2K[1G[1A[2K[1G[36m⠏[39m Building TS...
[2K[1G[1A[2K[1G[36m⠋[39m Building TS...
[2K[1G[1A[2K[1G[36m⠙[39m Building TS...
[2K[1G[1A[2K[1G[36m⠹[39m Building TS...
[2K[1G[1A[2K[1G[36m⠸[39m Building TS...
[2K[1G[1A[2K[1G[36m⠼[39m Building TS...
[2K[1G[1A[2K[1G[36m⠴[39m Building TS...
[2K[1G[1A[2K[1G[36m⠦[39m Building TS...
[2K[1G[1A[2K[1G[36m⠧[39m Building TS...
[2K[1G[1A[2K[1G[36m⠇[39m Building TS...
[2K[1G[1A[2K[1G[36m⠏[39m Building TS...
[2K[1G[1A[2K[1G[36m⠋[39m Building TS...
[2K[1G[1A[2K[1G[36m⠙[39m Building TS...
[2K[1G[1A[2K[1G[36m⠹[39m Building TS...
[2K[1G[1A[2K[1G[36m⠸[39m Building TS...
[2K[1G[1A[2K[1G[36m⠼[39m Building TS...
[2K[1G[1A[2K[1G[36m⠴[39m Building TS...
[2K[1G[1A[2K[1G[36m⠦[39m Building TS...
[2K[1G[1A[2K[1G[36m⠧[39m Building TS...
[2K[1G[1A[2K[1G[36m⠇[39m Building TS...
[2K[1G[1A[2K[1G[36m⠏[39m Building TS...
[2K[1G[1A[2K[1G[?25h[32m✔[39m [32mBuilding TS[39m
[32mCompiled successfully, artifact file: /Users/lixiongfei/项目/code/code/CAT/zxz/packages/smartcontracts/artifacts/contracts/token/burnGuard.json[39m
[32mCompiled successfully, artifact file: /Users/lixiongfei/项目/code/code/CAT/zxz/packages/smartcontracts/artifacts/contracts/token/cat20.json[39m
[32mCompiled successfully, artifact file: /Users/lixiongfei/项目/code/code/CAT/zxz/packages/smartcontracts/artifacts/contracts/token/cat20Proto.json[39m
[32mCompiled successfully, artifact file: /Users/lixiongfei/项目/code/code/CAT/zxz/packages/smartcontracts/artifacts/contracts/token/closedMinter.json[39m
[32mCompiled successfully, artifact file: /Users/lixiongfei/项目/code/code/CAT/zxz/packages/smartcontracts/artifacts/contracts/token/closedMinterProto.json[39m
[32mCompiled successfully, artifact file: /Users/lixiongfei/项目/code/code/CAT/zxz/packages/smartcontracts/artifacts/contracts/token/guardProto.json[39m
[32mCompiled successfully, artifact file: /Users/lixiongfei/项目/code/code/CAT/zxz/packages/smartcontracts/artifacts/contracts/token/openMinter.json[39m
[32mCompiled successfully, artifact file: /Users/lixiongfei/项目/code/code/CAT/zxz/packages/smartcontracts/artifacts/contracts/token/openMinterProto.json[39m
[32mCompiled successfully, artifact file: /Users/lixiongfei/项目/code/code/CAT/zxz/packages/smartcontracts/artifacts/contracts/token/transferGuard.json[39m
[32mCompiled successfully, artifact file: /Users/lixiongfei/项目/code/code/CAT/zxz/packages/smartcontracts/artifacts/contracts/utils/backtrace.json[39m
[32mCompiled successfully, artifact file: /Users/lixiongfei/项目/code/code/CAT/zxz/packages/smartcontracts/artifacts/contracts/utils/sigHashUtils.json[39m
[32mCompiled successfully, artifact file: /Users/lixiongfei/项目/code/code/CAT/zxz/packages/smartcontracts/artifacts/contracts/utils/stateUtils.json[39m
[32mCompiled successfully, artifact file: /Users/lixiongfei/项目/code/code/CAT/zxz/packages/smartcontracts/artifacts/contracts/utils/txProof.json[39m
[32mCompiled successfully, artifact file: /Users/lixiongfei/项目/code/code/CAT/zxz/packages/smartcontracts/artifacts/contracts/utils/txUtil.json[39m
[32m[39m
[32mProject compilation completed![39m
[32m[39m
[32m14 passing[39m
[31m[39m
[31m0 failing[39m
[?25h[1G[0K⠙[1G[0K[1G[0K⠙[1G[0K[2K[1G✨  Done in 16.93s.
